# JRE version: OpenJDK Runtime Environment (8.0_152-b01) (build 1.8.0_152-release-1024-b01)
# Java VM: OpenJDK 64-Bit Server VM (25.152-b01 mixed mode linux-amd64 compressed oops)
Heap:
 PSYoungGen      total 460800K, used 0K [0x00000000e0000000, 0x0000000100000000, 0x0000000100000000)
  eden space 398848K, 0% used [0x00000000e0000000,0x00000000e0000000,0x00000000f8580000)
  from space 61952K, 0% used [0x00000000fc100000,0x00000000fc100000,0x00000000ffd80000)
  to   space 60928K, 0% used [0x00000000f8580000,0x00000000f8580000,0x00000000fc100000)
 ParOldGen       total 209920K, used 165383K [0x00000000a0000000, 0x00000000acd00000, 0x00000000e0000000)
  object space 209920K, 78% used [0x00000000a0000000,0x00000000aa181db8,0x00000000acd00000)
 Metaspace       used 184680K, capacity 194598K, committed 194816K, reserved 1218560K
  class space    used 23593K, capacity 25586K, committed 25600K, reserved 1048576K
GC Heap History (10 events):
Event: 677.023 GC heap after
Heap after GC invocations=25 (full 5):
 PSYoungGen      total 458240K, used 25923K [0x00000000e0000000, 0x0000000100000000, 0x0000000100000000)
  eden space 398336K, 0% used [0x00000000e0000000,0x00000000e0000000,0x00000000f8500000)
  from space 59904K, 43% used [0x00000000fbc00000,0x00000000fd550d30,0x00000000ff680000)
  to   space 56320K, 0% used [0x00000000f8500000,0x00000000f8500000,0x00000000fbc00000)
 ParOldGen       total 209920K, used 114494K [0x00000000a0000000, 0x00000000acd00000, 0x00000000e0000000)
  object space 209920K, 54% used [0x00000000a0000000,0x00000000a6fcf910,0x00000000acd00000)
 Metaspace       used 175066K, capacity 184292K, committed 184448K, reserved 1210368K
  class space    used 22458K, capacity 24365K, committed 24448K, reserved 1048576K
}
Event: 680.882 GC heap before
{Heap before GC invocations=26 (full 5):
 PSYoungGen      total 458240K, used 424259K [0x00000000e0000000, 0x0000000100000000, 0x0000000100000000)
  eden space 398336K, 100% used [0x00000000e0000000,0x00000000f8500000,0x00000000f8500000)
  from space 59904K, 43% used [0x00000000fbc00000,0x00000000fd550d30,0x00000000ff680000)
  to   space 56320K, 0% used [0x00000000f8500000,0x00000000f8500000,0x00000000fbc00000)
 ParOldGen       total 209920K, used 114494K [0x00000000a0000000, 0x00000000acd00000, 0x00000000e0000000)
  object space 209920K, 54% used [0x00000000a0000000,0x00000000a6fcf910,0x00000000acd00000)
 Metaspace       used 183924K, capacity 193864K, committed 194048K, reserved 1218560K
  class space    used 23583K, capacity 25597K, committed 25600K, reserved 1048576K
Event: 681.011 GC heap after
Heap after GC invocations=26 (full 5):
 PSYoungGen      total 454656K, used 51978K [0x00000000e0000000, 0x0000000100000000, 0x0000000100000000)
  eden space 398336K, 0% used [0x00000000e0000000,0x00000000e0000000,0x00000000f8500000)
  from space 56320K, 92% used [0x00000000f8500000,0x00000000fb7c2980,0x00000000fbc00000)
  to   space 62976K, 0% used [0x00000000fc280000,0x00000000fc280000,0x0000000100000000)
 ParOldGen       total 209920K, used 129005K [0x00000000a0000000, 0x00000000acd00000, 0x00000000e0000000)
  object space 209920K, 61% used [0x00000000a0000000,0x00000000a7dfb408,0x00000000acd00000)
 Metaspace       used 183924K, capacity 193864K, committed 194048K, reserved 1218560K
  class space    used 23583K, capacity 25597K, committed 25600K, reserved 1048576K
}
Event: 683.459 GC heap before
{Heap before GC invocations=27 (full 5):
 PSYoungGen      total 454656K, used 450314K [0x00000000e0000000, 0x0000000100000000, 0x0000000100000000)
  eden space 398336K, 100% used [0x00000000e0000000,0x00000000f8500000,0x00000000f8500000)
  from space 56320K, 92% used [0x00000000f8500000,0x00000000fb7c2980,0x00000000fbc00000)
  to   space 62976K, 0% used [0x00000000fc280000,0x00000000fc280000,0x0000000100000000)
 ParOldGen       total 209920K, used 129005K [0x00000000a0000000, 0x00000000acd00000, 0x00000000e0000000)
  object space 209920K, 61% used [0x00000000a0000000,0x00000000a7dfb408,0x00000000acd00000)
 Metaspace       used 184586K, capacity 194568K, committed 194816K, reserved 1218560K
  class space    used 23602K, capacity 25597K, committed 25600K, reserved 1048576K
Event: 683.545 GC heap after
Heap after GC invocations=27 (full 5):
 PSYoungGen      total 460288K, used 4999K [0x00000000e0000000, 0x0000000100000000, 0x0000000100000000)
  eden space 397312K, 0% used [0x00000000e0000000,0x00000000e0000000,0x00000000f8400000)
  from space 62976K, 7% used [0x00000000fc280000,0x00000000fc761d48,0x0000000100000000)
  to   space 63488K, 0% used [0x00000000f8400000,0x00000000f8400000,0x00000000fc200000)
 ParOldGen       total 209920K, used 166627K [0x00000000a0000000, 0x00000000acd00000, 0x00000000e0000000)
  object space 209920K, 79% used [0x00000000a0000000,0x00000000aa2b8c30,0x00000000acd00000)
 Metaspace       used 184586K, capacity 194568K, committed 194816K, reserved 1218560K
  class space    used 23602K, capacity 25597K, committed 25600K, reserved 1048576K
}
Event: 685.003 GC heap before
{Heap before GC invocations=28 (full 5):
 PSYoungGen      total 460288K, used 402311K [0x00000000e0000000, 0x0000000100000000, 0x0000000100000000)
  eden space 397312K, 100% used [0x00000000e0000000,0x00000000f8400000,0x00000000f8400000)
  from space 62976K, 7% used [0x00000000fc280000,0x00000000fc761d48,0x0000000100000000)
  to   space 63488K, 0% used [0x00000000f8400000,0x00000000f8400000,0x00000000fc200000)
 ParOldGen       total 209920K, used 166627K [0x00000000a0000000, 0x00000000acd00000, 0x00000000e0000000)
  object space 209920K, 79% used [0x00000000a0000000,0x00000000aa2b8c30,0x00000000acd00000)
 Metaspace       used 184706K, capacity 194704K, committed 194816K, reserved 1218560K
  class space    used 23603K, capacity 25597K, committed 25600K, reserved 1048576K
Event: 685.047 GC heap after
Heap after GC invocations=28 (full 5):
 PSYoungGen      total 413184K, used 15386K [0x00000000e0000000, 0x00000000ffd80000, 0x0000000100000000)
  eden space 397312K, 0% used [0x00000000e0000000,0x00000000e0000000,0x00000000f8400000)
  from space 15872K, 96% used [0x00000000f8400000,0x00000000f9306b38,0x00000000f9380000)
  to   space 61952K, 0% used [0x00000000fc100000,0x00000000fc100000,0x00000000ffd80000)
 ParOldGen       total 209920K, used 169617K [0x00000000a0000000, 0x00000000acd00000, 0x00000000e0000000)
  object space 209920K, 80% used [0x00000000a0000000,0x00000000aa5a4610,0x00000000acd00000)
 Metaspace       used 184706K, capacity 194704K, committed 194816K, reserved 1218560K
  class space    used 23603K, capacity 25597K, committed 25600K, reserved 1048576K
}
Event: 686.529 GC heap before
{Heap before GC invocations=29 (full 5):
 PSYoungGen      total 413184K, used 412698K [0x00000000e0000000, 0x00000000ffd80000, 0x0000000100000000)
  eden space 397312K, 100% used [0x00000000e0000000,0x00000000f8400000,0x00000000f8400000)
  from space 15872K, 96% used [0x00000000f8400000,0x00000000f9306b38,0x00000000f9380000)
  to   space 61952K, 0% used [0x00000000fc100000,0x00000000fc100000,0x00000000ffd80000)
 ParOldGen       total 209920K, used 169617K [0x00000000a0000000, 0x00000000acd00000, 0x00000000e0000000)
  object space 209920K, 80% used [0x00000000a0000000,0x00000000aa5a4610,0x00000000acd00000)
 Metaspace       used 184712K, capacity 194704K, committed 194816K, reserved 1218560K
  class space    used 23603K, capacity 25597K, committed 25600K, reserved 1048576K
Event: 686.801 GC heap after
Heap after GC invocations=29 (full 5):
 PSYoungGen      total 460800K, used 9651K [0x00000000e0000000, 0x0000000100000000, 0x0000000100000000)
  eden space 398848K, 0% used [0x00000000e0000000,0x00000000e0000000,0x00000000f8580000)
  from space 61952K, 15% used [0x00000000fc100000,0x00000000fca6ced0,0x00000000ffd80000)
  to   space 60928K, 0% used [0x00000000f8580000,0x00000000f8580000,0x00000000fc100000)
 ParOldGen       total 209920K, used 183375K [0x00000000a0000000, 0x00000000acd00000, 0x00000000e0000000)
  object space 209920K, 87% used [0x00000000a0000000,0x00000000ab313e90,0x00000000acd00000)
 Metaspace       used 184712K, capacity 194704K, committed 194816K, reserved 1218560K
  class space    used 23603K, capacity 25597K, committed 25600K, reserved 1048576K
}
Event: 686.816 GC heap before
{Heap before GC invocations=30 (full 6):
 PSYoungGen      total 460800K, used 9651K [0x00000000e0000000, 0x0000000100000000, 0x0000000100000000)
  eden space 398848K, 0% used [0x00000000e0000000,0x00000000e0000000,0x00000000f8580000)
  from space 61952K, 15% used [0x00000000fc100000,0x00000000fca6ced0,0x00000000ffd80000)
  to   space 60928K, 0% used [0x00000000f8580000,0x00000000f8580000,0x00000000fc100000)
 ParOldGen       total 209920K, used 183375K [0x00000000a0000000, 0x00000000acd00000, 0x00000000e0000000)
  object space 209920K, 87% used [0x00000000a0000000,0x00000000ab313e90,0x00000000acd00000)
 Metaspace       used 184712K, capacity 194704K, committed 194816K, reserved 1218560K
  class space    used 23603K, capacity 25597K, committed 25600K, reserved 1048576K

